e:\自己的源码\gputessellationterrain\terrrainapp\terrrainapp\debug\vc120.pdb
e:\自己的源码\gputessellationterrain\terrrainapp\terrrainapp\debug\vc120.idb
e:\自己的源码\gputessellationterrain\terrrainapp\terrrainapp\debug\camera.obj
e:\自己的源码\gputessellationterrain\terrrainapp\terrrainapp\debug\d3dapp.obj
e:\自己的源码\gputessellationterrain\terrrainapp\terrrainapp\debug\d3dutil.obj
e:\自己的源码\gputessellationterrain\terrrainapp\terrrainapp\debug\gametimer.obj
e:\自己的源码\gputessellationterrain\terrrainapp\terrrainapp\debug\geometrygenerator.obj
e:\自己的源码\gputessellationterrain\terrrainapp\terrrainapp\debug\lighthelper.obj
e:\自己的源码\gputessellationterrain\terrrainapp\terrrainapp\debug\mathhelper.obj
e:\自己的源码\gputessellationterrain\terrrainapp\terrrainapp\debug\texturemgr.obj
e:\自己的源码\gputessellationterrain\terrrainapp\terrrainapp\debug\waves.obj
e:\自己的源码\gputessellationterrain\terrrainapp\terrrainapp\debug\xnacollision.obj
e:\自己的源码\gputessellationterrain\terrrainapp\debug\terrrainapp.ilk
e:\自己的源码\gputessellationterrain\terrrainapp\debug\terrrainapp.exe
e:\自己的源码\gputessellationterrain\terrrainapp\debug\terrrainapp.pdb
e:\自己的源码\gputessellationterrain\terrrainapp\terrrainapp\debug\terrrainapp.tlog\cl.command.1.tlog
e:\自己的源码\gputessellationterrain\terrrainapp\terrrainapp\debug\terrrainapp.tlog\cl.read.1.tlog
e:\自己的源码\gputessellationterrain\terrrainapp\terrrainapp\debug\terrrainapp.tlog\cl.write.1.tlog
e:\自己的源码\gputessellationterrain\terrrainapp\terrrainapp\debug\terrrainapp.tlog\link.command.1.tlog
e:\自己的源码\gputessellationterrain\terrrainapp\terrrainapp\debug\terrrainapp.tlog\link.read.1.tlog
e:\自己的源码\gputessellationterrain\terrrainapp\terrrainapp\debug\terrrainapp.tlog\link.write.1.tlog
